2018-10-19 12:00:28,358 - POMDPy.Solver - env: RockSample	epochs: 100	ave undiscounted return: 21.9 +- 0.688403951179829	ave discounted return: 14.475073296136683 +- 0.40084260821499734	ave time/epoch: 21.491975517272948
2018-10-25 13:02:33,739 - POMDPy.Solver - env: RockSample	epochs: 5	ave undiscounted return: 10.0 +- 0.0	ave discounted return: 6.571353956242184 +- 0.11353083148653599	ave time/epoch: 9.202780866622925
2018-10-26 12:19:52,752 - POMDPy.Solver - env: RockSample	epochs: 100	ave undiscounted return: 0.0 +- nan	ave discounted return: 0.0 +- nan	ave time/epoch: 0.0
2018-10-26 12:21:29,308 - POMDPy.Solver - env: RockSample	epochs: 100	ave undiscounted return: 0.0 +- 0	ave discounted return: 0.0 +- 0	ave time/epoch: 0.0
2018-10-26 12:22:38,010 - POMDPy.Solver - env: RockSample	epochs: 100	ave undiscounted return: 0.0 +- 0	ave discounted return: 0.0 +- 0	ave time/epoch: 0.0
2018-10-30 12:53:28,532 - POMDPy.Solver - env: RobotModel	epochs: 10	ave undiscounted return: 11.0 +- 2.2135943621178655	ave discounted return: 7.08758861425 +- 1.5369131582312534	ave time/epoch: 16.075429678
2018-10-30 12:56:46,787 - POMDPy.Solver - env: RobotModel	epochs: 10	ave undiscounted return: 15.0 +- 1.5811388300841898	ave discounted return: 9.99551757035 +- 1.0631884024594198	ave time/epoch: 9.84876432419
2018-10-30 12:59:10,756 - POMDPy.Solver - env: RobotModel	epochs: 10	ave undiscounted return: 13.0 +- 2.469817807045695	ave discounted return: 7.17649845312 +- 1.3786609388064701	ave time/epoch: 10.3013158798
2018-10-30 13:01:04,699 - POMDPy.Solver - env: RobotModel	epochs: 10	ave undiscounted return: 14.0 +- 1.5491933384829668	ave discounted return: 9.04910312896 +- 1.1236487005300644	ave time/epoch: 9.93861262798
2018-10-30 13:03:14,339 - POMDPy.Solver - env: RobotModel	epochs: 10	ave undiscounted return: 9.0 +- 2.6267851073127395	ave discounted return: 5.47421538733 +- 1.4457678539333862	ave time/epoch: 8.69156508446
2018-10-30 13:05:25,629 - POMDPy.Solver - env: RobotModel	epochs: 10	ave undiscounted return: 17.0 +- 2.8460498941515415	ave discounted return: 12.422806804 +- 1.8008299825741638	ave time/epoch: 11.5679961681
2018-10-30 13:07:40,869 - POMDPy.Solver - env: RobotModel	epochs: 10	ave undiscounted return: 12.0 +- 2.3664319132398464	ave discounted return: 7.406826953 +- 1.7589618365275932	ave time/epoch: 11.2857686758
2018-10-30 13:10:01,917 - POMDPy.Solver - env: RobotModel	epochs: 10	ave undiscounted return: 14.0 +- 1.5491933384829668	ave discounted return: 8.26607941574 +- 1.1424749751391348	ave time/epoch: 11.890594697
2018-10-30 13:12:06,249 - POMDPy.Solver - env: RobotModel	epochs: 10	ave undiscounted return: 11.0 +- 2.6267851073127395	ave discounted return: 7.66272566519 +- 1.7776711304053545	ave time/epoch: 9.2745464325
2018-10-30 13:14:39,501 - POMDPy.Solver - env: RobotModel	epochs: 10	ave undiscounted return: 14.0 +- 1.5491933384829686	ave discounted return: 9.26583635119 +- 1.1376265789351203	ave time/epoch: 11.8196951389
2018-10-30 13:17:30,339 - POMDPy.Solver - env: RobotModel	epochs: 10	ave undiscounted return: 14.0 +- 2.5298221281347035	ave discounted return: 9.22269013228 +- 1.7294871304248736	ave time/epoch: 13.0019888878
2018-10-30 13:21:52,778 - POMDPy.Solver - env: RobotModel	epochs: 10	ave undiscounted return: 16.0 +- 2.5298221281347035	ave discounted return: 11.0724106994 +- 1.5895209860251112	ave time/epoch: 10.3934098005
2018-10-30 13:23:59,920 - POMDPy.Solver - env: RobotModel	epochs: 10	ave undiscounted return: 14.0 +- 3.22490309931942	ave discounted return: 9.35482389055 +- 2.194227198980924	ave time/epoch: 9.66272649765
2018-10-30 13:26:06,399 - POMDPy.Solver - env: RobotModel	epochs: 10	ave undiscounted return: 12.0 +- 2.3664319132398464	ave discounted return: 8.24340802094 +- 1.6461858424910527	ave time/epoch: 10.8935894966
2018-10-30 13:28:26,834 - POMDPy.Solver - env: RobotModel	epochs: 10	ave undiscounted return: 19.0 +- 2.6267851073127395	ave discounted return: 12.4101966105 +- 1.972459603402906	ave time/epoch: 10.7897593975
2018-10-30 13:31:55,881 - POMDPy.Solver - env: RobotModel	epochs: 10	ave undiscounted return: 18.0 +- 2.756809750418044	ave discounted return: 12.3990773904 +- 2.0719524884146816	ave time/epoch: 12.3668242931
2018-10-30 13:36:12,500 - POMDPy.Solver - env: RobotModel	epochs: 10	ave undiscounted return: 15.0 +- 2.5495097567963922	ave discounted return: 10.519886121 +- 1.6167840441207593	ave time/epoch: 13.1956624031
2018-10-30 13:38:49,491 - POMDPy.Solver - env: RobotModel	epochs: 10	ave undiscounted return: 19.0 +- 2.9832867780352594	ave discounted return: 12.6663554001 +- 1.86884580637066	ave time/epoch: 13.0883734703
2018-10-30 13:41:28,627 - POMDPy.Solver - env: RobotModel	epochs: 10	ave undiscounted return: 14.0 +- 2.5298221281347035	ave discounted return: 9.83428682226 +- 1.8645825013619886	ave time/epoch: 10.8568107128
2018-10-30 13:44:32,741 - POMDPy.Solver - env: RobotModel	epochs: 10	ave undiscounted return: 16.0 +- 2.5298221281347035	ave discounted return: 11.058713553 +- 1.890040298725031	ave time/epoch: 15.4174248219
2018-10-30 13:47:02,747 - POMDPy.Solver - env: RobotModel	epochs: 10	ave undiscounted return: 13.0 +- 2.0248456731316584	ave discounted return: 9.09342738433 +- 1.3299519231479033	ave time/epoch: 12.1099108219
2018-10-30 13:50:07,523 - POMDPy.Solver - env: RobotModel	epochs: 10	ave undiscounted return: 9.0 +- 2.6267851073127395	ave discounted return: 5.15914157699 +- 1.5351427245723093	ave time/epoch: 12.2634659052
2018-10-30 13:52:42,418 - POMDPy.Solver - env: RobotModel	epochs: 10	ave undiscounted return: 10.0 +- 1.4142135623730951	ave discounted return: 6.28268833786 +- 1.1238983527074038	ave time/epoch: 11.9439219952
2018-10-30 13:54:46,730 - POMDPy.Solver - env: RobotModel	epochs: 10	ave undiscounted return: 14.0 +- 2.5298221281347035	ave discounted return: 9.17369840523 +- 1.8331084336840917	ave time/epoch: 9.3750221014
2018-10-30 13:56:38,468 - POMDPy.Solver - env: RobotModel	epochs: 10	ave undiscounted return: 10.0 +- 2.0	ave discounted return: 6.5516086271 +- 1.33530946188499	ave time/epoch: 9.51854918003
2018-10-30 14:01:44,128 - POMDPy.Solver - env: RobotModel	epochs: 10	ave undiscounted return: 15.0 +- 2.5495097567963922	ave discounted return: 10.5639602127 +- 1.656893156571111	ave time/epoch: 10.2840330362
2018-10-30 14:03:58,366 - POMDPy.Solver - env: RobotModel	epochs: 10	ave undiscounted return: 16.0 +- 2.898275349237888	ave discounted return: 10.2778073676 +- 2.011752083606922	ave time/epoch: 10.982859087
2018-10-30 14:06:36,307 - POMDPy.Solver - env: RobotModel	epochs: 10	ave undiscounted return: 15.0 +- 2.1213203435596424	ave discounted return: 11.1279408448 +- 1.3388914067508517	ave time/epoch: 10.8568367958
2018-10-30 14:08:49,895 - POMDPy.Solver - env: RobotModel	epochs: 10	ave undiscounted return: 15.0 +- 2.1213203435596424	ave discounted return: 10.827933438 +- 1.4955078787477403	ave time/epoch: 10.800300622
2018-10-30 14:11:16,298 - POMDPy.Solver - env: RobotModel	epochs: 10	ave undiscounted return: 13.0 +- 2.469817807045695	ave discounted return: 9.47446185832 +- 1.7004585092058775	ave time/epoch: 12.6966559887
2018-10-30 14:13:57,591 - POMDPy.Solver - env: RobotModel	epochs: 10	ave undiscounted return: 16.0 +- 2.5298221281347035	ave discounted return: 10.0124129059 +- 1.7660254256136163	ave time/epoch: 14.3991999626
2018-10-30 14:16:39,371 - POMDPy.Solver - env: RobotModel	epochs: 10	ave undiscounted return: 12.0 +- 1.8973665961010275	ave discounted return: 7.52456069026 +- 1.401776310053906	ave time/epoch: 14.6716836452
2018-10-30 14:19:21,679 - POMDPy.Solver - env: RobotModel	epochs: 10	ave undiscounted return: 15.0 +- 2.1213203435596424	ave discounted return: 9.71714898385 +- 1.6289092747543625	ave time/epoch: 13.3708050728
2018-10-30 14:22:35,385 - POMDPy.Solver - env: RobotModel	epochs: 10	ave undiscounted return: 12.0 +- 1.8973665961010275	ave discounted return: 7.11827940333 +- 1.312129451934569	ave time/epoch: 14.1281409025
2018-10-30 14:25:16,268 - POMDPy.Solver - env: RobotModel	epochs: 10	ave undiscounted return: 14.0 +- 1.5491933384829668	ave discounted return: 8.69306532696 +- 0.9725464416858376	ave time/epoch: 13.2154067755
2018-10-30 14:28:05,332 - POMDPy.Solver - env: RobotModel	epochs: 10	ave undiscounted return: 14.0 +- 2.0976176963403033	ave discounted return: 9.56010170855 +- 1.61689294535338	ave time/epoch: 13.2713807583
2018-10-30 14:33:36,808 - POMDPy.Solver - env: RobotModel	epochs: 10	ave undiscounted return: 10.0 +- 0.0	ave discounted return: 9.405 +- 0.06008327554321493	ave time/epoch: 8.22659335136
2018-10-30 14:36:56,446 - POMDPy.Solver - env: RobotModel	epochs: 10	ave undiscounted return: 7.0 +- 2.8460498941515415	ave discounted return: 3.97941949243 +- 1.4987380783916688	ave time/epoch: 15.591723299
2018-10-30 14:39:34,810 - POMDPy.Solver - env: RobotModel	epochs: 10	ave undiscounted return: 3.0 +- 1.449137674618944	ave discounted return: 1.40614107939 +- 0.6908697205020852	ave time/epoch: 12.7536257982
2018-10-30 14:43:12,845 - POMDPy.Solver - env: RobotModel	epochs: 10	ave undiscounted return: 0.0 +- 0.0	ave discounted return: 0.0 +- 0.0	ave time/epoch: 14.4005979538
2018-10-31 11:46:56,987 - POMDPy.Solver - env: RobotModel	epochs: 10	ave undiscounted return: 1.0 +- 0.9486832980505138	ave discounted return: 0.46329123016 +- 0.4395166521858341	ave time/epoch: 14.0388607025
2018-10-31 12:10:39,935 - POMDPy.Solver - env: RobotModel	epochs: 20	ave undiscounted return: 0.5 +- 0.48733971724044817	ave discounted return: 0.243837489558 +- 0.23766338642740362	ave time/epoch: 17.0234098911
2018-10-31 13:55:16,608 - POMDPy.Solver - env: RobotModel	epochs: 20	ave undiscounted return: 0.5 +- 0.48733971724044817	ave discounted return: 0.188676801268 +- 0.18389939795922108	ave time/epoch: 13.7083514452
2018-11-06 13:23:09,620 - POMDPy.Solver - env: RockSample	epochs: 10	ave undiscounted return: 1.0 +- 0.0	ave discounted return: 0.212676018477 +- 0.031498839479571245	ave time/epoch: 19.4919068098
2018-11-07 01:12:49,850 - POMDPy.Solver - env: RobotModel	epochs: 20	ave undiscounted return: -10097.5 +- 6706.527039943997	ave discounted return: -9563.03648137 +- 6371.8596233939	ave time/epoch: 19.2653641939
2018-11-08 10:12:01,804 - POMDPy.Solver - env: RobotModel	epochs: 20	ave undiscounted return: -15.0 +- 3.6400549446402586	ave discounted return: -11.2658286305 +- 2.1782888518365033	ave time/epoch: 17.196752739
2018-11-08 16:45:03,785 - POMDPy.Solver - env: RobotModel	epochs: 20	ave undiscounted return: -25.5 +- 7.364611327150946	ave discounted return: -17.0296128775 +- 3.9711184668982527	ave time/epoch: 29.9663618803
2018-11-08 17:37:59,505 - POMDPy.Solver - env: RobotModel	epochs: 20	ave undiscounted return: -5048.5 +- 4870.910349975659	ave discounted return: -5039.53131195 +- 4871.369844399954	ave time/epoch: 17.784931612
2018-11-08 19:04:01,392 - POMDPy.Solver - env: RobotModel	epochs: 20	ave undiscounted return: -151.5 +- 15.268840820442133	ave discounted return: -82.5063227552 +- 7.073410159861097	ave time/epoch: 76.4957809806
2018-11-08 21:04:08,635 - POMDPy.Solver - env: RobotModel	epochs: 20	ave undiscounted return: -162.5 +- 10.219466717984822	ave discounted return: -89.6398654455 +- 4.552540564954364	ave time/epoch: 42.7112828255
2018-11-09 11:40:07,435 - POMDPy.Solver - env: RobotModel	epochs: 20	ave undiscounted return: -204.5 +- 41.348972175859444	ave discounted return: -131.978392106 +- 44.687195799940135	ave time/epoch: 107.304028237
2018-11-10 12:07:26,964 - POMDPy.Solver - env: RobotModel	epochs: 20	ave undiscounted return: -27.0 +- 4.748684028233506	ave discounted return: -29.5175210547 +- 2.7508172871536662	ave time/epoch: 18.2704431057
2018-11-10 14:42:10,229 - POMDPy.Solver - env: RobotModel	epochs: 20	ave undiscounted return: -1969.0 +- 43.05171309019011	ave discounted return: -1281.36881499 +- 17.02511765456403	ave time/epoch: 23.335600996
2018-11-11 10:21:26,449 - POMDPy.Solver - env: RobotModel	epochs: 20	ave undiscounted return: -501965.0 +- 487336.3836855915	ave discounted return: -501265.792909 +- 487335.4716436762	ave time/epoch: 41.5624345899
2018-11-11 11:36:26,478 - POMDPy.Solver - env: RobotModel	epochs: 20	ave undiscounted return: -695.3 +- 100.61525977703386	ave discounted return: -489.89128274597977 +- 63.29083858987968	ave time/epoch: 38.2336537957
2018-11-11 12:36:35,667 - POMDPy.Solver - env: RobotModel	epochs: 20	ave undiscounted return: -460.50000000000006 +- 31.693650783713718	ave discounted return: -362.12218434955497 +- 16.07199839119042	ave time/epoch: 15.7182077289
2018-11-11 15:10:53,395 - POMDPy.Solver - env: RobotModel	epochs: 20	ave undiscounted return: -823.3 +- 156.9505829871301	ave discounted return: -584.4117572384184 +- 79.29314573882763	ave time/epoch: 26.2677536249
2018-11-11 15:44:58,193 - POMDPy.Solver - env: RobotModel	epochs: 20	ave undiscounted return: -765.55 +- 156.76751058494236	ave discounted return: -653.7383116757002 +- 134.90236528175393	ave time/epoch: 22.6206327081
2018-11-11 16:29:54,668 - POMDPy.Solver - env: RobotModel	epochs: 100	ave undiscounted return: -569.2600000000001 +- 38.57755466589345	ave discounted return: -464.04502364160425 +- 20.39336423148008	ave time/epoch: 16.4977279258
2018-11-11 17:08:07,120 - POMDPy.Solver - env: RobotModel	epochs: 100	ave undiscounted return: -616.4999999999999 +- 47.98696177088107	ave discounted return: -552.6307842803376 +- 42.209868398166634	ave time/epoch: 15.3875906587
2018-11-11 19:03:55,716 - POMDPy.Solver - env: RobotModel	epochs: 100	ave undiscounted return: 115.19000000000003 +- 57.04538841133436	ave discounted return: -161.10470212645794 +- 29.992415347426157	ave time/epoch: 17.1411334252
2018-11-11 19:34:52,472 - POMDPy.Solver - env: RobotModel	epochs: 100	ave undiscounted return: 25.109999999999996 +- 68.28797682608557	ave discounted return: -287.1417410786225 +- 52.041312108313655	ave time/epoch: 16.1944074178
2018-11-11 20:04:38,529 - POMDPy.Solver - env: RobotModel	epochs: 5	ave undiscounted return: -190.4 +- 273.70766887319763	ave discounted return: -268.7280432742642 +- 143.8647955675588	ave time/epoch: 17.4136491776
2018-11-11 20:12:27,472 - POMDPy.Solver - env: RobotModel	epochs: 10	ave undiscounted return: -879.8000000000001 +- 288.5869990141621	ave discounted return: -647.8948447475447 +- 143.6240055905264	ave time/epoch: 24.0503099442
2018-11-11 20:16:33,440 - POMDPy.Solver - env: RobotModel	epochs: 10	ave undiscounted return: 20.5 +- 226.97930522406662	ave discounted return: -200.50995811067764 +- 115.90030631721979	ave time/epoch: 18.1739809036
2018-11-11 20:22:17,856 - POMDPy.Solver - env: RobotModel	epochs: 10	ave undiscounted return: -978.6999999999998 +- 331.8371000958151	ave discounted return: -689.8337587990206 +- 169.85017956883274	ave time/epoch: 22.7190564394
2018-11-11 20:34:27,343 - POMDPy.Solver - env: RobotModel	epochs: 20	ave undiscounted return: -972.8500000000003 +- 216.99408142850342	ave discounted return: -693.7913376020915 +- 105.08307100391382	ave time/epoch: 20.0892083645
2018-11-11 20:43:57,951 - POMDPy.Solver - env: RobotModel	epochs: 20	ave undiscounted return: -972.8500000000003 +- 216.99408142850342	ave discounted return: -693.7913376020915 +- 105.08307100391382	ave time/epoch: 20.3668994308
2018-11-11 20:53:04,237 - POMDPy.Solver - env: RobotModel	epochs: 20	ave undiscounted return: -1030.65 +- 145.4626116051819	ave discounted return: -733.8014879374768 +- 72.18914021401399	ave time/epoch: 20.9713291645
2018-11-16 12:13:12,877 - POMDPy.Solver - env: RobotModel	epochs: 20	ave undiscounted return: 361.15 +- 91.1957585362	ave discounted return: -29.0416572314 +- 51.3414359262	ave time/epoch: 26.7343928576
2018-11-16 17:33:46,719 - POMDPy.Solver - env: RobotModel	epochs: 20	ave undiscounted return: 394.25 +- 74.2520328005	ave discounted return: -11.675066521 +- 39.91616944	ave time/epoch: 32.8870204926
2018-11-16 18:22:47,140 - POMDPy.Solver - env: RobotModel	epochs: 3	ave undiscounted return: -435.333333333 +- 321.28641889	ave discounted return: -547.134172292 +- 161.583121864	ave time/epoch: 38.3162318071
2018-11-16 20:51:10,298 - POMDPy.Solver - env: RobotModel	epochs: 50	ave undiscounted return: -1040.14 +- 108.644911561	ave discounted return: -712.361776611 +- 49.0332496252	ave time/epoch: 29.5774943066
2018-11-16 22:10:01,805 - POMDPy.Solver - env: RobotModel	epochs: 50	ave undiscounted return: -1044.78 +- 111.238846776	ave discounted return: -730.345082665 +- 51.7213447824	ave time/epoch: 51.9658941841
2018-11-17 00:53:30,792 - POMDPy.Solver - env: RobotModel	epochs: 50	ave undiscounted return: -1044.78 +- 111.238846776	ave discounted return: -730.345082665 +- 51.7213447824	ave time/epoch: 53.751483283
2018-11-19 16:39:49,932 - POMDPy.Solver - env: RobotModel	epochs: 500	ave undiscounted return: 129.948051948 +- 66.9396757356	ave discounted return: -143.559739015 +- 33.5957064905	ave time/epoch: 47.535436977
2018-11-21 16:42:30,414 - POMDPy.Solver - env: RobotModel	epochs: 5	ave undiscounted return: 551.4 +- 28.3246888774	ave discounted return: 113.140690474 +- 37.6552721921	ave time/epoch: 35.4450770378
2018-11-21 19:24:18,400 - POMDPy.Solver - env: RobotModel	epochs: 5	ave undiscounted return: 551.4 +- 28.3246888774	ave discounted return: 113.140690474 +- 37.6552721921	ave time/epoch: 36.6728139877
2018-11-21 19:26:06,101 - POMDPy.Solver - env: RobotModel	epochs: 1	ave undiscounted return: 429.0 +- 0.0	ave discounted return: -47.6084608907 +- 0.0	ave time/epoch: 40.3983159065
2018-11-21 19:30:03,529 - POMDPy.Solver - env: RobotModel	epochs: 1	ave undiscounted return: 429.0 +- 0.0	ave discounted return: -47.6084608907 +- 0.0	ave time/epoch: 29.3934979439
2018-11-21 19:33:25,118 - POMDPy.Solver - env: RobotModel	epochs: 1	ave undiscounted return: 429.0 +- 0.0	ave discounted return: -47.6084608907 +- 0.0	ave time/epoch: 30.2271530628
2018-11-21 19:37:19,134 - POMDPy.Solver - env: RobotModel	epochs: 1	ave undiscounted return: 429.0 +- 0.0	ave discounted return: -47.6084608907 +- 0.0	ave time/epoch: 30.2111070156
2018-11-21 19:50:24,651 - POMDPy.Solver - env: RobotModel	epochs: 5	ave undiscounted return: 551.4 +- 28.3246888774	ave discounted return: 113.140690474 +- 37.6552721921	ave time/epoch: 36.3367147446
2018-11-21 19:55:50,098 - POMDPy.Solver - env: RobotModel	epochs: 1	ave undiscounted return: 429.0 +- 0.0	ave discounted return: -47.6084608907 +- 0.0	ave time/epoch: 40.0719368458
2018-11-21 19:57:56,473 - POMDPy.Solver - env: RobotModel	epochs: 1	ave undiscounted return: 429.0 +- 0.0	ave discounted return: -47.6084608907 +- 0.0	ave time/epoch: 40.5944280624
2018-11-21 20:00:29,971 - POMDPy.Solver - env: RobotModel	epochs: 1	ave undiscounted return: 429.0 +- 0.0	ave discounted return: -47.6084608907 +- 0.0	ave time/epoch: 39.7660081387
2018-11-21 20:01:39,496 - POMDPy.Solver - env: RobotModel	epochs: 1	ave undiscounted return: 429.0 +- 0.0	ave discounted return: -47.6084608907 +- 0.0	ave time/epoch: 40.5414469242
2018-11-21 20:07:10,467 - POMDPy.Solver - env: RobotModel	epochs: 1	ave undiscounted return: 429.0 +- 0.0	ave discounted return: -47.6084608907 +- 0.0	ave time/epoch: 41.3223049641
2018-11-21 20:23:19,310 - POMDPy.Solver - env: RobotModel	epochs: 1	ave undiscounted return: 429.0 +- 0.0	ave discounted return: -47.6084608907 +- 0.0	ave time/epoch: 41.2313940525
2018-11-21 20:24:53,605 - POMDPy.Solver - env: RobotModel	epochs: 1	ave undiscounted return: 429.0 +- 0.0	ave discounted return: -47.6084608907 +- 0.0	ave time/epoch: 40.5821270943
2018-11-21 20:35:43,813 - POMDPy.Solver - env: RobotModel	epochs: 1	ave undiscounted return: 429.0 +- 0.0	ave discounted return: -47.6084608907 +- 0.0	ave time/epoch: 40.4964578152
2018-11-21 20:41:20,305 - POMDPy.Solver - env: RobotModel	epochs: 1	ave undiscounted return: 429.0 +- 0.0	ave discounted return: -47.6084608907 +- 0.0	ave time/epoch: 40.2393510342
2018-11-21 20:43:21,557 - POMDPy.Solver - env: RobotModel	epochs: 1	ave undiscounted return: 429.0 +- 0.0	ave discounted return: -47.6084608907 +- 0.0	ave time/epoch: 39.7042150497
2018-11-21 20:46:11,516 - POMDPy.Solver - env: RobotModel	epochs: 1	ave undiscounted return: 429.0 +- 0.0	ave discounted return: -47.6084608907 +- 0.0	ave time/epoch: 40.0802099705
2018-11-21 20:47:55,647 - POMDPy.Solver - env: RobotModel	epochs: 1	ave undiscounted return: 429.0 +- 0.0	ave discounted return: -47.6084608907 +- 0.0	ave time/epoch: 39.4710948467
2018-11-21 20:53:14,919 - POMDPy.Solver - env: RobotModel	epochs: 5	ave undiscounted return: 551.4 +- 28.3246888774	ave discounted return: 113.140690474 +- 37.6552721921	ave time/epoch: 35.5871609211
2018-11-21 23:26:44,459 - POMDPy.Solver - env: RobotModel	epochs: 5	ave undiscounted return: 477.2 +- 46.330465139	ave discounted return: 32.4328799832 +- 49.1711428559	ave time/epoch: 15.7085820198
2018-11-21 23:30:49,995 - POMDPy.Solver - env: RobotModel	epochs: 5	ave undiscounted return: 241.8 +- 218.748147421	ave discounted return: -55.5213424557 +- 97.569653243	ave time/epoch: 31.5951877594
2018-11-21 23:38:11,934 - POMDPy.Solver - env: RobotModel	epochs: 5	ave undiscounted return: -418.4 +- 330.88857339	ave discounted return: -410.002427964 +- 172.148359304	ave time/epoch: 38.7876086235
2018-11-21 23:42:46,954 - POMDPy.Solver - env: RobotModel	epochs: 5	ave undiscounted return: -418.4 +- 330.88857339	ave discounted return: -410.002427964 +- 172.148359304	ave time/epoch: 38.2081456184
2018-11-21 23:48:42,061 - POMDPy.Solver - env: RobotModel	epochs: 5	ave undiscounted return: -418.4 +- 330.88857339	ave discounted return: -410.002427964 +- 172.148359304	ave time/epoch: 40.3328077793
2018-11-21 23:55:32,750 - POMDPy.Solver - env: RobotModel	epochs: 5	ave undiscounted return: -319.4 +- 240.682463009	ave discounted return: -427.366599104 +- 153.120104852	ave time/epoch: 60.3567456722
2018-11-22 00:02:20,633 - POMDPy.Solver - env: RobotModel	epochs: 5	ave undiscounted return: -319.4 +- 240.682463009	ave discounted return: -427.366599104 +- 153.120104852	ave time/epoch: 62.1258137703
2018-11-22 00:08:39,512 - POMDPy.Solver - env: RobotModel	epochs: 5	ave undiscounted return: -193.6 +- 306.231755375	ave discounted return: -287.961937369 +- 146.056773654	ave time/epoch: 48.458848381
2018-11-22 00:25:42,650 - POMDPy.Solver - env: RobotModel	epochs: 5	ave undiscounted return: -193.6 +- 306.231755375	ave discounted return: -287.961937369 +- 146.056773654	ave time/epoch: 50.0627352238
2018-11-29 13:05:31,789 - POMDPy.Solver - env: RobotModel	epochs: 5	ave undiscounted return: -193.6 +- 306.231755375	ave discounted return: -287.961937369 +- 146.056773654	ave time/epoch: 49.1252975464
